<SOLUTION>
<TOPOOPTDATA>
<HEADER>
 <COLUMN ID="    1">Iteration</COLUMN>
 <COLUMN ID="    2">Objective</COLUMN>
 <COLUMN ID="    3">Non-dimensional_Objective</COLUMN>
 <COLUMN ID="    4">OBJCC</COLUMN>
 <COLUMN ID="    5">Mass_Constraint</COLUMN>
 <COLUMN ID="    6">Mass_Constraint_Normalized</COLUMN>
 <COLUMN ID="    7">Mass_Constraint_Max</COLUMN>
 <UNITS>MPA</UNITS>
</HEADER>
<COLDATA>
              0  1.967885e+00              ---              ---     3.629473e-06     3.000000e+00     1.814737e-06     
              1  1.306697e+01                1              ---     1.814737e-06     1.000000e+00     1.814737e-06     
              2  6.547560e+00         0.501077         0.498923     1.814735e-06     9.999980e-01     1.814737e-06     
              3  3.758593e+00         0.287641         0.425955     1.814735e-06     9.999982e-01     1.814737e-06     
              4  3.065239e+00         0.234579         0.184472     1.814735e-06     9.999985e-01     1.814737e-06     
              5  2.847251e+00         0.217897        0.0711161     1.814736e-06     9.999990e-01     1.814737e-06     
              6  2.753362e+00         0.210712        0.0329754     1.814736e-06     9.999992e-01     1.814737e-06     
              7  2.698676e+00         0.206526        0.0198616     1.814736e-06     9.999993e-01     1.814737e-06     
              8  2.654094e+00         0.203115          0.01652     1.814736e-06     9.999994e-01     1.814737e-06     
              9  2.614391e+00         0.200076         0.014959     1.814736e-06     9.999995e-01     1.814737e-06     
             10  2.586275e+00         0.197925        0.0107542     1.814736e-06     9.999995e-01     1.814737e-06     
             11  2.565768e+00         0.196355       0.00792918     1.814736e-06     9.999996e-01     1.814737e-06     
             12  2.550234e+00         0.195166       0.00605458     1.814736e-06     9.999997e-01     1.814737e-06     
             13  2.538131e+00          0.19424       0.00474582     1.814736e-06     9.999997e-01     1.814737e-06     
             14  2.529387e+00         0.193571       0.00344487     1.814736e-06     9.999997e-01     1.814737e-06     
             15  2.522757e+00         0.193064       0.00262151     1.814736e-06     9.999998e-01     1.814737e-06     
             16  2.516920e+00         0.192617       0.00231346     1.814736e-06     9.999998e-01     1.814737e-06     
             17  2.511604e+00          0.19221       0.00211211     1.814736e-06     9.999998e-01     1.814737e-06     
             18  2.507633e+00         0.191906       0.00158126     1.814736e-06     9.999998e-01     1.814737e-06     
             19  2.504922e+00         0.191699       0.00108105     1.814736e-06     9.999999e-01     1.814737e-06     
             20  2.502493e+00         0.191513      0.000969727     1.814736e-06     9.999999e-01     1.814737e-06     
             21  2.500586e+00         0.191367       0.00076184     1.814736e-06     9.999999e-01     1.814737e-06     
             22  2.499141e+00         0.191256      0.000577957     1.814736e-06     9.999999e-01     1.814737e-06     
</COLDATA>
</TOPOOPTDATA>
</SOLUTION>
