 ----------------------------------------------------------------------
 ----------          Welcome to Topology Optimizer          -----------
 ----------------------------------------------------------------------
                                                                       
       Version 2020 R1 (Build: 154) from 20191203                       
                                                                       
       Copyright 2020 ANSYS Inc. All Rights Reserved               
                                                                       
 ----------------------------------------------------------------------
 
       Execution time: Tue Jun  8 20:24:26 2021

 ----------------------------------------------------------------------
 
   Parameter setting:
      solver                   = Scpip
      ansys version            = 2020 R1
      design elements          = OptimizationRegionElements.dat
      feedersystem list:
       - Static system 'Static23' with id 23: 1 load case(s) at t = 1
      penalty parameter        = 3
      initial response scaling = yes
      minimum member size      = 0
      maximum member size      = 0
      minimum density          = 0.001
      restart information      = final
      mapdl ncnv               = 1e+12
      maximum iteration        = 500
      acc                      = 0.001
      units                    = MPA
      output frequency         = 1
      max intermediate files   = 500
      objective 1              = single compliance (force load) for load step 1 of feeder system 'Static23' [1]
      constraint 1             = total mass with lower bound 50 and upper bound 50
      method                   = SCP
      acc scp                  = 1e-06
      version scp              = 402
      cut off in scp           = 1
      linear inequalities remain in active set in scp = selected always
      initial penalty scp      = 1
      asymptote strategy       = program controlled

 ----------------------------------------------------------------------
   Start generating constant data...
   ...done
   Start generating tree...
   ...finished.
   Start generating element neighborhood...
    10 Percent done
    20 Percent done
    30 Percent done
    40 Percent done
    50 Percent done
    60 Percent done
    70 Percent done
    80 Percent done
    90 Percent done
   100 Percent done
   ...finished.
   Starting Ansys...
   Asymptote strategy applied: adaptive
 
  INITIAL SUMMARY
  ---------------
  Objective(s):
    [  1] Name: Objective
          Value : 1.96788e+00
 
  Constraint(s):
    [  1] Name: Mass Constraint
          LB: 1.81474e-06 <= Value: 3.62947e-06 <= UB: 1.81474e-06  Deviation: 100 %
 
  Iter :  number of iterations
  #LS  :  number of line search iterations
  #ME  :  number of model evaluations

                                         max relative
                                         deviation of
                         objective       constraints     convergence
   Iter  #LS     #ME     measurement     in %            criterion
   ------------------------------------------------------------------
      0    0       0             ---     1.00000e+02             ---
      1    1       1     1.00000e+00     0.00000e+00             ---
      2    1       2     5.01077e-01     9.94723e-05     4.98923e-01
      3    1       3     2.87641e-01     8.80061e-05     4.25955e-01
      4    1       4     2.34579e-01     7.25280e-05     1.84472e-01
      5    1       5     2.17897e-01     5.12201e-05     7.11161e-02
      6    1       6     2.10712e-01     4.11740e-05     3.29754e-02
      7    1       7     2.06526e-01     3.44519e-05     1.98616e-02
      8    1       8     2.03115e-01     2.98349e-05     1.65200e-02
      9    1       9     2.00076e-01     2.71182e-05     1.49590e-02
     10    1      10     1.97925e-01     2.33249e-05     1.07542e-02
     11    1      11     1.96355e-01     1.98445e-05     7.92918e-03
     12    1      12     1.95166e-01     1.64990e-05     6.05458e-03
     13    1      13     1.94240e-01     1.56681e-05     4.74582e-03
     14    1      14     1.93571e-01     1.38086e-05     3.44487e-03
     15    1      15     1.93064e-01     1.21109e-05     2.62151e-03
     16    1      16     1.92617e-01     1.03963e-05     2.31346e-03
     17    1      17     1.92210e-01     8.83156e-06     2.11211e-03
     18    1      18     1.91906e-01     8.91303e-06     1.58126e-03
     19    1      19     1.91699e-01     7.35012e-06     1.08105e-03
     20    1      20     1.91513e-01     7.38780e-06     9.69727e-04
     21    1      21     1.91367e-01     6.19847e-06     7.61840e-04
     22    1      22     1.91256e-01     5.40123e-06     5.77957e-04
 
  FINAL SUMMARY
  -------------
  Number of iterations: 22
  Total number of model evaluations: 22

  Objective(s):
    [  1] Name: Objective
          Value : 2.49914e+00
 
  Constraint(s):
    [  1] Name: Mass Constraint
          LB: 1.81474e-06 <= Value: 1.81474e-06 <= UB: 1.81474e-06  Deviation: -5.40123e-06 %
 ----------------------------------------------------------------------
 --> Topology Optimizer finished successfully
     Total time:  0h 0m 25s
     CPU time:    0h 0m 1s
     Peak Memory: 38824 K
     I/O Read:    138361065 Bytes
     I/O Write:   4757886 Bytes
 ----------------------------------------------------------------------
